<?xml version="1.0" encoding="UTF-8"?>
<!-- Generated by org.testng.reporters.JUnitXMLReporter -->
<testsuite hostname="LAPTOP-CF9AIAH3" ignored="0" name="Command line test" tests="6" failures="0" timestamp="2022-03-11T10:34:35 IST" time="0.043" errors="0">
  <testcase name="IOSApps" time="0.0" classname="MavenJava.AppiumTest"/>
  <testcase name="androidApps" time="0.0" classname="MavenJava.AppiumTest"/>
  <testcase name="deleteTwitter" time="0.0" classname="MavenJava.RestAPITest"/>
  <testcase name="postJira" time="0.0" classname="MavenJava.RestAPITest"/>
  <testcase name="browserAutomation" time="0.0" classname="MavenJava.SeleniumTest"/>
  <testcase name="elementsUI" time="0.0" classname="MavenJava.SeleniumTest"/>
</testsuite> <!-- Command line test -->
