<?xml version="1.0" encoding="UTF-8"?>
<testng-results skipped="0" failed="0" ignored="0" total="6" passed="6">
  <reporter-output>
  </reporter-output>
  <suite name="Command line suite" duration-ms="43" started-at="2022-03-11T10:34:35 IST" finished-at="2022-03-11T10:34:35 IST">
    <groups>
    </groups>
    <test name="Command line test" duration-ms="43" started-at="2022-03-11T10:34:35 IST" finished-at="2022-03-11T10:34:35 IST">
      <class name="MavenJava.SeleniumTest">
        <test-method status="PASS" signature="elementsUI()[pri:0, instance:MavenJava.SeleniumTest@2b9627bc]" name="elementsUI" duration-ms="0" started-at="2022-03-11T10:34:35 IST" finished-at="2022-03-11T10:34:35 IST">
          <reporter-output>
          </reporter-output>
        </test-method> <!-- elementsUI -->
        <test-method status="PASS" signature="browserAutomation()[pri:0, instance:MavenJava.SeleniumTest@2b9627bc]" name="browserAutomation" duration-ms="0" started-at="2022-03-11T10:34:35 IST" finished-at="2022-03-11T10:34:35 IST">
          <reporter-output>
          </reporter-output>
        </test-method> <!-- browserAutomation -->
      </class> <!-- MavenJava.SeleniumTest -->
      <class name="MavenJava.AppiumTest">
        <test-method status="PASS" signature="androidApps()[pri:0, instance:MavenJava.AppiumTest@6ddf90b0]" name="androidApps" duration-ms="0" started-at="2022-03-11T10:34:35 IST" finished-at="2022-03-11T10:34:35 IST">
          <reporter-output>
          </reporter-output>
        </test-method> <!-- androidApps -->
        <test-method status="PASS" signature="IOSApps()[pri:0, instance:MavenJava.AppiumTest@6ddf90b0]" name="IOSApps" duration-ms="0" started-at="2022-03-11T10:34:35 IST" finished-at="2022-03-11T10:34:35 IST">
          <reporter-output>
          </reporter-output>
        </test-method> <!-- IOSApps -->
      </class> <!-- MavenJava.AppiumTest -->
      <class name="MavenJava.RestAPITest">
        <test-method status="PASS" signature="postJira()[pri:0, instance:MavenJava.RestAPITest@67b92f0a]" name="postJira" duration-ms="0" started-at="2022-03-11T10:34:35 IST" finished-at="2022-03-11T10:34:35 IST">
          <reporter-output>
          </reporter-output>
        </test-method> <!-- postJira -->
        <test-method status="PASS" signature="deleteTwitter()[pri:0, instance:MavenJava.RestAPITest@67b92f0a]" name="deleteTwitter" duration-ms="0" started-at="2022-03-11T10:34:35 IST" finished-at="2022-03-11T10:34:35 IST">
          <reporter-output>
          </reporter-output>
        </test-method> <!-- deleteTwitter -->
      </class> <!-- MavenJava.RestAPITest -->
    </test> <!-- Command line test -->
  </suite> <!-- Command line suite -->
</testng-results>
